{"D:\\IdeaProjects\\Fitness-First_Final\\Fitness_First_Merged\\backend\\app.js": {"path":"D:\\IdeaProjects\\Fitness-First_Final\\Fitness_First_Merged\\backend\\app.js","statementMap":{"0":{"start":{"line":1,"column":0},"end":{"line":1,"column":27}},"1":{"start":{"line":2,"column":18},"end":{"line":2,"column":40}},"2":{"start":{"line":3,"column":16},"end":{"line":3,"column":34}},"3":{"start":{"line":4,"column":13},"end":{"line":4,"column":28}},"4":{"start":{"line":5,"column":25},"end":{"line":5,"column":65}},"5":{"start":{"line":6,"column":19},"end":{"line":6,"column":49}},"6":{"start":{"line":7,"column":23},"end":{"line":7,"column":57}},"7":{"start":{"line":10,"column":12},"end":{"line":10,"column":21}},"8":{"start":{"line":12,"column":13},"end":{"line":12,"column":17}},"9":{"start":{"line":13,"column":0},"end":{"line":13,"column":12}},"10":{"start":{"line":16,"column":0},"end":{"line":21,"column":2}},"11":{"start":{"line":22,"column":0},"end":{"line":22,"column":24}},"12":{"start":{"line":24,"column":0},"end":{"line":24,"column":36}},"13":{"start":{"line":26,"column":0},"end":{"line":26,"column":53}},"14":{"start":{"line":26,"column":27},"end":{"line":26,"column":51}},"15":{"start":{"line":30,"column":0},"end":{"line":30,"column":33}},"16":{"start":{"line":31,"column":0},"end":{"line":31,"column":43}},"17":{"start":{"line":33,"column":0},"end":{"line":33,"column":42}},"18":{"start":{"line":35,"column":0},"end":{"line":35,"column":39}},"19":{"start":{"line":37,"column":0},"end":{"line":37,"column":70}},"20":{"start":{"line":37,"column":23},"end":{"line":37,"column":68}},"21":{"start":{"line":39,"column":0},"end":{"line":39,"column":21}}},"fnMap":{"0":{"name":"(anonymous_0)","decl":{"start":{"line":26,"column":13},"end":{"line":26,"column":14}},"loc":{"start":{"line":26,"column":27},"end":{"line":26,"column":51}},"line":26},"1":{"name":"(anonymous_1)","decl":{"start":{"line":37,"column":17},"end":{"line":37,"column":18}},"loc":{"start":{"line":37,"column":23},"end":{"line":37,"column":68}},"line":37}},"branchMap":{},"s":{"0":1,"1":1,"2":1,"3":1,"4":1,"5":1,"6":1,"7":1,"8":1,"9":1,"10":1,"11":1,"12":1,"13":1,"14":0,"15":1,"16":1,"17":1,"18":1,"19":1,"20":1,"21":1},"f":{"0":0,"1":1},"b":{},"_coverageSchema":"1a1c01bbd47fc00a2c39e90264f33305004495a9","hash":"5d7e0d25bb5dc1b202770152fee7a263a0634069"}
,"D:\\IdeaProjects\\Fitness-First_Final\\Fitness_First_Merged\\backend\\app1.js": {"path":"D:\\IdeaProjects\\Fitness-First_Final\\Fitness_First_Merged\\backend\\app1.js","statementMap":{"0":{"start":{"line":1,"column":0},"end":{"line":1,"column":27}},"1":{"start":{"line":2,"column":18},"end":{"line":2,"column":40}},"2":{"start":{"line":3,"column":16},"end":{"line":3,"column":34}},"3":{"start":{"line":4,"column":13},"end":{"line":4,"column":28}},"4":{"start":{"line":5,"column":25},"end":{"line":5,"column":65}},"5":{"start":{"line":6,"column":19},"end":{"line":6,"column":49}},"6":{"start":{"line":7,"column":23},"end":{"line":7,"column":57}},"7":{"start":{"line":8,"column":19},"end":{"line":8,"column":49}},"8":{"start":{"line":11,"column":12},"end":{"line":11,"column":21}},"9":{"start":{"line":13,"column":13},"end":{"line":13,"column":17}},"10":{"start":{"line":14,"column":0},"end":{"line":14,"column":12}},"11":{"start":{"line":17,"column":0},"end":{"line":22,"column":2}},"12":{"start":{"line":23,"column":0},"end":{"line":23,"column":24}},"13":{"start":{"line":25,"column":0},"end":{"line":25,"column":36}},"14":{"start":{"line":27,"column":0},"end":{"line":27,"column":53}},"15":{"start":{"line":27,"column":27},"end":{"line":27,"column":51}},"16":{"start":{"line":31,"column":0},"end":{"line":31,"column":33}},"17":{"start":{"line":32,"column":0},"end":{"line":32,"column":43}},"18":{"start":{"line":33,"column":0},"end":{"line":33,"column":34}},"19":{"start":{"line":35,"column":0},"end":{"line":35,"column":42}},"20":{"start":{"line":37,"column":0},"end":{"line":37,"column":39}},"21":{"start":{"line":39,"column":0},"end":{"line":39,"column":70}},"22":{"start":{"line":39,"column":23},"end":{"line":39,"column":68}},"23":{"start":{"line":41,"column":0},"end":{"line":41,"column":21}}},"fnMap":{"0":{"name":"(anonymous_0)","decl":{"start":{"line":27,"column":13},"end":{"line":27,"column":14}},"loc":{"start":{"line":27,"column":27},"end":{"line":27,"column":51}},"line":27},"1":{"name":"(anonymous_1)","decl":{"start":{"line":39,"column":17},"end":{"line":39,"column":18}},"loc":{"start":{"line":39,"column":23},"end":{"line":39,"column":68}},"line":39}},"branchMap":{},"s":{"0":1,"1":1,"2":1,"3":1,"4":1,"5":1,"6":1,"7":1,"8":1,"9":1,"10":1,"11":1,"12":1,"13":1,"14":1,"15":0,"16":1,"17":1,"18":1,"19":1,"20":1,"21":1,"22":1,"23":1},"f":{"0":0,"1":1},"b":{},"_coverageSchema":"1a1c01bbd47fc00a2c39e90264f33305004495a9","hash":"46461a9429772479b11afe8125b975da099702da"}
,"D:\\IdeaProjects\\Fitness-First_Final\\Fitness_First_Merged\\backend\\app2.js": {"path":"D:\\IdeaProjects\\Fitness-First_Final\\Fitness_First_Merged\\backend\\app2.js","statementMap":{"0":{"start":{"line":1,"column":0},"end":{"line":1,"column":27}},"1":{"start":{"line":2,"column":18},"end":{"line":2,"column":40}},"2":{"start":{"line":3,"column":16},"end":{"line":3,"column":34}},"3":{"start":{"line":4,"column":13},"end":{"line":4,"column":28}},"4":{"start":{"line":5,"column":25},"end":{"line":5,"column":65}},"5":{"start":{"line":6,"column":19},"end":{"line":6,"column":49}},"6":{"start":{"line":7,"column":23},"end":{"line":7,"column":57}},"7":{"start":{"line":8,"column":19},"end":{"line":8,"column":49}},"8":{"start":{"line":11,"column":12},"end":{"line":11,"column":21}},"9":{"start":{"line":13,"column":13},"end":{"line":13,"column":17}},"10":{"start":{"line":14,"column":0},"end":{"line":14,"column":12}},"11":{"start":{"line":17,"column":0},"end":{"line":22,"column":2}},"12":{"start":{"line":23,"column":0},"end":{"line":23,"column":24}},"13":{"start":{"line":25,"column":0},"end":{"line":25,"column":36}},"14":{"start":{"line":27,"column":0},"end":{"line":27,"column":53}},"15":{"start":{"line":27,"column":27},"end":{"line":27,"column":51}},"16":{"start":{"line":31,"column":0},"end":{"line":31,"column":33}},"17":{"start":{"line":32,"column":0},"end":{"line":32,"column":43}},"18":{"start":{"line":33,"column":0},"end":{"line":33,"column":34}},"19":{"start":{"line":35,"column":0},"end":{"line":35,"column":42}},"20":{"start":{"line":37,"column":0},"end":{"line":37,"column":39}},"21":{"start":{"line":39,"column":0},"end":{"line":39,"column":70}},"22":{"start":{"line":39,"column":23},"end":{"line":39,"column":68}},"23":{"start":{"line":41,"column":0},"end":{"line":41,"column":21}}},"fnMap":{"0":{"name":"(anonymous_0)","decl":{"start":{"line":27,"column":13},"end":{"line":27,"column":14}},"loc":{"start":{"line":27,"column":27},"end":{"line":27,"column":51}},"line":27},"1":{"name":"(anonymous_1)","decl":{"start":{"line":39,"column":17},"end":{"line":39,"column":18}},"loc":{"start":{"line":39,"column":23},"end":{"line":39,"column":68}},"line":39}},"branchMap":{},"s":{"0":1,"1":1,"2":1,"3":1,"4":1,"5":1,"6":1,"7":1,"8":1,"9":1,"10":1,"11":1,"12":1,"13":1,"14":1,"15":0,"16":1,"17":1,"18":1,"19":1,"20":1,"21":1,"22":1,"23":1},"f":{"0":0,"1":1},"b":{},"_coverageSchema":"1a1c01bbd47fc00a2c39e90264f33305004495a9","hash":"f660a118c8e7aacd73cebce8d88966cf04a9bad3"}
,"D:\\IdeaProjects\\Fitness-First_Final\\Fitness_First_Merged\\backend\\config\\db.js": {"path":"D:\\IdeaProjects\\Fitness-First_Final\\Fitness_First_Merged\\backend\\config\\db.js","statementMap":{"0":{"start":{"line":1,"column":17},"end":{"line":1,"column":36}},"1":{"start":{"line":2,"column":15},"end":{"line":2,"column":41}},"2":{"start":{"line":4,"column":18},"end":{"line":21,"column":1}},"3":{"start":{"line":5,"column":2},"end":{"line":20,"column":3}},"4":{"start":{"line":7,"column":4},"end":{"line":7,"column":50}},"5":{"start":{"line":9,"column":17},"end":{"line":12,"column":6}},"6":{"start":{"line":14,"column":4},"end":{"line":14,"column":41}},"7":{"start":{"line":15,"column":4},"end":{"line":15,"column":16}},"8":{"start":{"line":17,"column":4},"end":{"line":17,"column":66}},"9":{"start":{"line":19,"column":4},"end":{"line":19,"column":16}},"10":{"start":{"line":23,"column":0},"end":{"line":23,"column":27}}},"fnMap":{"0":{"name":"(anonymous_0)","decl":{"start":{"line":4,"column":18},"end":{"line":4,"column":19}},"loc":{"start":{"line":4,"column":30},"end":{"line":21,"column":1}},"line":4}},"branchMap":{},"s":{"0":3,"1":3,"2":3,"3":3,"4":3,"5":3,"6":3,"7":3,"8":0,"9":0,"10":3},"f":{"0":3},"b":{},"_coverageSchema":"1a1c01bbd47fc00a2c39e90264f33305004495a9","hash":"8c6b33e45e01168e78280da7e0efab04dd797389"}
,"D:\\IdeaProjects\\Fitness-First_Final\\Fitness_First_Merged\\backend\\controllers\\activityController.js": {"path":"D:\\IdeaProjects\\Fitness-First_Final\\Fitness_First_Merged\\backend\\controllers\\activityController.js","statementMap":{"0":{"start":{"line":2,"column":17},"end":{"line":2,"column":51}},"1":{"start":{"line":3,"column":17},"end":{"line":3,"column":36}},"2":{"start":{"line":6,"column":23},"end":{"line":41,"column":1}},"3":{"start":{"line":7,"column":2},"end":{"line":40,"column":3}},"4":{"start":{"line":17,"column":8},"end":{"line":17,"column":16}},"5":{"start":{"line":18,"column":24},"end":{"line":27,"column":6}},"6":{"start":{"line":28,"column":4},"end":{"line":28,"column":29}},"7":{"start":{"line":29,"column":4},"end":{"line":34,"column":9}},"8":{"start":{"line":36,"column":4},"end":{"line":36,"column":59}},"9":{"start":{"line":37,"column":4},"end":{"line":39,"column":72}},"10":{"start":{"line":45,"column":24},"end":{"line":59,"column":1}},"11":{"start":{"line":46,"column":2},"end":{"line":58,"column":3}},"12":{"start":{"line":47,"column":19},"end":{"line":47,"column":29}},"13":{"start":{"line":48,"column":21},"end":{"line":48,"column":48}},"14":{"start":{"line":49,"column":4},"end":{"line":51,"column":5}},"15":{"start":{"line":50,"column":6},"end":{"line":50,"column":69}},"16":{"start":{"line":52,"column":4},"end":{"line":52,"column":35}},"17":{"start":{"line":54,"column":4},"end":{"line":54,"column":64}},"18":{"start":{"line":55,"column":4},"end":{"line":57,"column":72}},"19":{"start":{"line":62,"column":25},"end":{"line":72,"column":1}},"20":{"start":{"line":63,"column":2},"end":{"line":71,"column":3}},"21":{"start":{"line":64,"column":23},"end":{"line":64,"column":44}},"22":{"start":{"line":65,"column":4},"end":{"line":65,"column":37}},"23":{"start":{"line":67,"column":4},"end":{"line":67,"column":60}},"24":{"start":{"line":68,"column":4},"end":{"line":70,"column":72}},"25":{"start":{"line":76,"column":23},"end":{"line":99,"column":1}},"26":{"start":{"line":77,"column":2},"end":{"line":98,"column":3}},"27":{"start":{"line":78,"column":19},"end":{"line":78,"column":29}},"28":{"start":{"line":79,"column":28},"end":{"line":79,"column":36}},"29":{"start":{"line":82,"column":19},"end":{"line":84,"column":6}},"30":{"start":{"line":86,"column":4},"end":{"line":88,"column":5}},"31":{"start":{"line":87,"column":6},"end":{"line":87,"column":69}},"32":{"start":{"line":90,"column":4},"end":{"line":92,"column":76}},"33":{"start":{"line":94,"column":4},"end":{"line":94,"column":59}},"34":{"start":{"line":95,"column":4},"end":{"line":97,"column":72}},"35":{"start":{"line":103,"column":23},"end":{"line":121,"column":1}},"36":{"start":{"line":104,"column":2},"end":{"line":120,"column":3}},"37":{"start":{"line":105,"column":19},"end":{"line":105,"column":29}},"38":{"start":{"line":108,"column":19},"end":{"line":108,"column":55}},"39":{"start":{"line":110,"column":4},"end":{"line":112,"column":5}},"40":{"start":{"line":111,"column":6},"end":{"line":111,"column":69}},"41":{"start":{"line":114,"column":4},"end":{"line":114,"column":71}},"42":{"start":{"line":116,"column":4},"end":{"line":116,"column":59}},"43":{"start":{"line":117,"column":4},"end":{"line":119,"column":72}},"44":{"start":{"line":123,"column":0},"end":{"line":129,"column":2}}},"fnMap":{"0":{"name":"(anonymous_0)","decl":{"start":{"line":6,"column":23},"end":{"line":6,"column":24}},"loc":{"start":{"line":6,"column":43},"end":{"line":41,"column":1}},"line":6},"1":{"name":"(anonymous_1)","decl":{"start":{"line":45,"column":24},"end":{"line":45,"column":25}},"loc":{"start":{"line":45,"column":44},"end":{"line":59,"column":1}},"line":45},"2":{"name":"(anonymous_2)","decl":{"start":{"line":62,"column":25},"end":{"line":62,"column":26}},"loc":{"start":{"line":62,"column":45},"end":{"line":72,"column":1}},"line":62},"3":{"name":"(anonymous_3)","decl":{"start":{"line":76,"column":23},"end":{"line":76,"column":24}},"loc":{"start":{"line":76,"column":43},"end":{"line":99,"column":1}},"line":76},"4":{"name":"(anonymous_4)","decl":{"start":{"line":103,"column":23},"end":{"line":103,"column":24}},"loc":{"start":{"line":103,"column":43},"end":{"line":121,"column":1}},"line":103}},"branchMap":{"0":{"loc":{"start":{"line":49,"column":4},"end":{"line":51,"column":5}},"type":"if","locations":[{"start":{"line":49,"column":4},"end":{"line":51,"column":5}},{"start":{},"end":{}}],"line":49},"1":{"loc":{"start":{"line":86,"column":4},"end":{"line":88,"column":5}},"type":"if","locations":[{"start":{"line":86,"column":4},"end":{"line":88,"column":5}},{"start":{},"end":{}}],"line":86},"2":{"loc":{"start":{"line":110,"column":4},"end":{"line":112,"column":5}},"type":"if","locations":[{"start":{"line":110,"column":4},"end":{"line":112,"column":5}},{"start":{},"end":{}}],"line":110}},"s":{"0":3,"1":3,"2":3,"3":1,"4":1,"5":1,"6":1,"7":1,"8":0,"9":0,"10":3,"11":1,"12":1,"13":1,"14":1,"15":0,"16":1,"17":0,"18":0,"19":3,"20":0,"21":0,"22":0,"23":0,"24":0,"25":3,"26":1,"27":1,"28":1,"29":1,"30":1,"31":0,"32":1,"33":0,"34":0,"35":3,"36":1,"37":1,"38":1,"39":1,"40":0,"41":1,"42":0,"43":0,"44":3},"f":{"0":1,"1":1,"2":0,"3":1,"4":1},"b":{"0":[0,1],"1":[0,1],"2":[0,1]},"_coverageSchema":"1a1c01bbd47fc00a2c39e90264f33305004495a9","hash":"d2bf8436a6c0903905565e8a40966842ae7103e8"}
,"D:\\IdeaProjects\\Fitness-First_Final\\Fitness_First_Merged\\backend\\controllers\\goalController.js": {"path":"D:\\IdeaProjects\\Fitness-First_Final\\Fitness_First_Merged\\backend\\controllers\\goalController.js","statementMap":{"0":{"start":{"line":1,"column":13},"end":{"line":1,"column":43}},"1":{"start":{"line":2,"column":17},"end":{"line":2,"column":36}},"2":{"start":{"line":7,"column":17},"end":{"line":11,"column":1}},"3":{"start":{"line":8,"column":17},"end":{"line":8,"column":58}},"4":{"start":{"line":10,"column":3},"end":{"line":10,"column":30}},"5":{"start":{"line":14,"column":16},"end":{"line":28,"column":1}},"6":{"start":{"line":15,"column":19},"end":{"line":15,"column":29}},"7":{"start":{"line":17,"column":4},"end":{"line":19,"column":5}},"8":{"start":{"line":18,"column":8},"end":{"line":18,"column":53}},"9":{"start":{"line":21,"column":17},"end":{"line":21,"column":40}},"10":{"start":{"line":23,"column":4},"end":{"line":25,"column":5}},"11":{"start":{"line":24,"column":8},"end":{"line":24,"column":53}},"12":{"start":{"line":27,"column":4},"end":{"line":27,"column":30}},"13":{"start":{"line":31,"column":19},"end":{"line":68,"column":1}},"14":{"start":{"line":32,"column":44},"end":{"line":32,"column":52}},"15":{"start":{"line":34,"column":22},"end":{"line":34,"column":24}},"16":{"start":{"line":36,"column":4},"end":{"line":38,"column":5}},"17":{"start":{"line":37,"column":8},"end":{"line":37,"column":32}},"18":{"start":{"line":39,"column":4},"end":{"line":41,"column":5}},"19":{"start":{"line":40,"column":8},"end":{"line":40,"column":36}},"20":{"start":{"line":43,"column":4},"end":{"line":45,"column":5}},"21":{"start":{"line":44,"column":8},"end":{"line":44,"column":36}},"22":{"start":{"line":47,"column":4},"end":{"line":49,"column":5}},"23":{"start":{"line":48,"column":8},"end":{"line":48,"column":32}},"24":{"start":{"line":50,"column":4},"end":{"line":52,"column":5}},"25":{"start":{"line":51,"column":8},"end":{"line":51,"column":104}},"26":{"start":{"line":55,"column":4},"end":{"line":66,"column":5}},"27":{"start":{"line":56,"column":21},"end":{"line":61,"column":10}},"28":{"start":{"line":62,"column":8},"end":{"line":62,"column":19}},"29":{"start":{"line":63,"column":8},"end":{"line":63,"column":34}},"30":{"start":{"line":65,"column":8},"end":{"line":65,"column":52}},"31":{"start":{"line":69,"column":19},"end":{"line":88,"column":3}},"32":{"start":{"line":70,"column":4},"end":{"line":87,"column":5}},"33":{"start":{"line":71,"column":21},"end":{"line":71,"column":31}},"34":{"start":{"line":72,"column":30},"end":{"line":72,"column":38}},"35":{"start":{"line":75,"column":26},"end":{"line":77,"column":8}},"36":{"start":{"line":79,"column":6},"end":{"line":81,"column":7}},"37":{"start":{"line":80,"column":8},"end":{"line":80,"column":67}},"38":{"start":{"line":83,"column":6},"end":{"line":83,"column":82}},"39":{"start":{"line":85,"column":6},"end":{"line":85,"column":57}},"40":{"start":{"line":86,"column":6},"end":{"line":86,"column":87}},"41":{"start":{"line":90,"column":21},"end":{"line":106,"column":3}},"42":{"start":{"line":91,"column":4},"end":{"line":105,"column":5}},"43":{"start":{"line":92,"column":21},"end":{"line":92,"column":31}},"44":{"start":{"line":95,"column":21},"end":{"line":95,"column":53}},"45":{"start":{"line":97,"column":6},"end":{"line":99,"column":7}},"46":{"start":{"line":98,"column":8},"end":{"line":98,"column":67}},"47":{"start":{"line":101,"column":6},"end":{"line":101,"column":69}},"48":{"start":{"line":103,"column":6},"end":{"line":103,"column":57}},"49":{"start":{"line":104,"column":6},"end":{"line":104,"column":87}},"50":{"start":{"line":108,"column":2},"end":{"line":114,"column":4}}},"fnMap":{"0":{"name":"(anonymous_0)","decl":{"start":{"line":7,"column":17},"end":{"line":7,"column":18}},"loc":{"start":{"line":7,"column":37},"end":{"line":11,"column":1}},"line":7},"1":{"name":"(anonymous_1)","decl":{"start":{"line":14,"column":16},"end":{"line":14,"column":17}},"loc":{"start":{"line":14,"column":36},"end":{"line":28,"column":1}},"line":14},"2":{"name":"(anonymous_2)","decl":{"start":{"line":31,"column":19},"end":{"line":31,"column":20}},"loc":{"start":{"line":31,"column":39},"end":{"line":68,"column":1}},"line":31},"3":{"name":"(anonymous_3)","decl":{"start":{"line":69,"column":19},"end":{"line":69,"column":20}},"loc":{"start":{"line":69,"column":39},"end":{"line":88,"column":3}},"line":69},"4":{"name":"(anonymous_4)","decl":{"start":{"line":90,"column":21},"end":{"line":90,"column":22}},"loc":{"start":{"line":90,"column":41},"end":{"line":106,"column":3}},"line":90}},"branchMap":{"0":{"loc":{"start":{"line":17,"column":4},"end":{"line":19,"column":5}},"type":"if","locations":[{"start":{"line":17,"column":4},"end":{"line":19,"column":5}},{"start":{},"end":{}}],"line":17},"1":{"loc":{"start":{"line":23,"column":4},"end":{"line":25,"column":5}},"type":"if","locations":[{"start":{"line":23,"column":4},"end":{"line":25,"column":5}},{"start":{},"end":{}}],"line":23},"2":{"loc":{"start":{"line":36,"column":4},"end":{"line":38,"column":5}},"type":"if","locations":[{"start":{"line":36,"column":4},"end":{"line":38,"column":5}},{"start":{},"end":{}}],"line":36},"3":{"loc":{"start":{"line":39,"column":4},"end":{"line":41,"column":5}},"type":"if","locations":[{"start":{"line":39,"column":4},"end":{"line":41,"column":5}},{"start":{},"end":{}}],"line":39},"4":{"loc":{"start":{"line":43,"column":4},"end":{"line":45,"column":5}},"type":"if","locations":[{"start":{"line":43,"column":4},"end":{"line":45,"column":5}},{"start":{},"end":{}}],"line":43},"5":{"loc":{"start":{"line":47,"column":4},"end":{"line":49,"column":5}},"type":"if","locations":[{"start":{"line":47,"column":4},"end":{"line":49,"column":5}},{"start":{},"end":{}}],"line":47},"6":{"loc":{"start":{"line":50,"column":4},"end":{"line":52,"column":5}},"type":"if","locations":[{"start":{"line":50,"column":4},"end":{"line":52,"column":5}},{"start":{},"end":{}}],"line":50},"7":{"loc":{"start":{"line":79,"column":6},"end":{"line":81,"column":7}},"type":"if","locations":[{"start":{"line":79,"column":6},"end":{"line":81,"column":7}},{"start":{},"end":{}}],"line":79},"8":{"loc":{"start":{"line":97,"column":6},"end":{"line":99,"column":7}},"type":"if","locations":[{"start":{"line":97,"column":6},"end":{"line":99,"column":7}},{"start":{},"end":{}}],"line":97}},"s":{"0":2,"1":2,"2":2,"3":1,"4":1,"5":2,"6":1,"7":1,"8":0,"9":1,"10":1,"11":0,"12":1,"13":2,"14":1,"15":1,"16":1,"17":0,"18":1,"19":0,"20":1,"21":0,"22":1,"23":0,"24":1,"25":0,"26":1,"27":1,"28":1,"29":1,"30":0,"31":2,"32":1,"33":1,"34":1,"35":1,"36":1,"37":0,"38":1,"39":0,"40":0,"41":2,"42":1,"43":1,"44":1,"45":1,"46":0,"47":1,"48":0,"49":0,"50":2},"f":{"0":1,"1":1,"2":1,"3":1,"4":1},"b":{"0":[0,1],"1":[0,1],"2":[0,1],"3":[0,1],"4":[0,1],"5":[0,1],"6":[0,1],"7":[0,1],"8":[0,1]},"_coverageSchema":"1a1c01bbd47fc00a2c39e90264f33305004495a9","hash":"edcf48a2ca11028490472884df7488d62c0a4e7e"}
,"D:\\IdeaProjects\\Fitness-First_Final\\Fitness_First_Merged\\backend\\controllers\\userController.js": {"path":"D:\\IdeaProjects\\Fitness-First_Final\\Fitness_First_Merged\\backend\\controllers\\userController.js","statementMap":{"0":{"start":{"line":1,"column":12},"end":{"line":1,"column":35}},"1":{"start":{"line":2,"column":15},"end":{"line":2,"column":34}},"2":{"start":{"line":3,"column":13},"end":{"line":3,"column":43}},"3":{"start":{"line":4,"column":17},"end":{"line":4,"column":36}},"4":{"start":{"line":5,"column":23},"end":{"line":5,"column":49}},"5":{"start":{"line":7,"column":20},"end":{"line":16,"column":1}},"6":{"start":{"line":8,"column":16},"end":{"line":8,"column":52}},"7":{"start":{"line":10,"column":2},"end":{"line":15,"column":3}},"8":{"start":{"line":11,"column":4},"end":{"line":13,"column":7}},"9":{"start":{"line":14,"column":4},"end":{"line":14,"column":17}},"10":{"start":{"line":18,"column":18},"end":{"line":21,"column":1}},"11":{"start":{"line":19,"column":15},"end":{"line":19,"column":64}},"12":{"start":{"line":20,"column":2},"end":{"line":20,"column":21}},"13":{"start":{"line":24,"column":19},"end":{"line":66,"column":1}},"14":{"start":{"line":25,"column":2},"end":{"line":25,"column":24}},"15":{"start":{"line":27,"column":36},"end":{"line":27,"column":44}},"16":{"start":{"line":28,"column":2},"end":{"line":32,"column":3}},"17":{"start":{"line":29,"column":4},"end":{"line":31,"column":67}},"18":{"start":{"line":33,"column":2},"end":{"line":65,"column":3}},"19":{"start":{"line":34,"column":25},"end":{"line":34,"column":54}},"20":{"start":{"line":35,"column":4},"end":{"line":62,"column":5}},"21":{"start":{"line":36,"column":6},"end":{"line":36,"column":71}},"22":{"start":{"line":38,"column":6},"end":{"line":61,"column":7}},"23":{"start":{"line":39,"column":21},"end":{"line":39,"column":45}},"24":{"start":{"line":40,"column":31},"end":{"line":40,"column":64}},"25":{"start":{"line":41,"column":21},"end":{"line":45,"column":10}},"26":{"start":{"line":47,"column":22},"end":{"line":47,"column":47}},"27":{"start":{"line":48,"column":8},"end":{"line":48,"column":27}},"28":{"start":{"line":50,"column":8},"end":{"line":58,"column":11}},"29":{"start":{"line":60,"column":8},"end":{"line":60,"column":74}},"30":{"start":{"line":64,"column":4},"end":{"line":64,"column":70}},"31":{"start":{"line":69,"column":19},"end":{"line":97,"column":1}},"32":{"start":{"line":70,"column":30},"end":{"line":70,"column":38}},"33":{"start":{"line":71,"column":15},"end":{"line":71,"column":44}},"34":{"start":{"line":73,"column":2},"end":{"line":75,"column":3}},"35":{"start":{"line":74,"column":4},"end":{"line":74,"column":64}},"36":{"start":{"line":77,"column":2},"end":{"line":96,"column":3}},"37":{"start":{"line":78,"column":26},"end":{"line":78,"column":71}},"38":{"start":{"line":80,"column":4},"end":{"line":93,"column":5}},"39":{"start":{"line":81,"column":6},"end":{"line":81,"column":67}},"40":{"start":{"line":83,"column":20},"end":{"line":83,"column":45}},"41":{"start":{"line":84,"column":6},"end":{"line":92,"column":9}},"42":{"start":{"line":95,"column":4},"end":{"line":95,"column":54}},"43":{"start":{"line":102,"column":23},"end":{"line":112,"column":1}},"44":{"start":{"line":104,"column":2},"end":{"line":111,"column":3}},"45":{"start":{"line":106,"column":22},"end":{"line":106,"column":30}},"46":{"start":{"line":107,"column":4},"end":{"line":107,"column":75}},"47":{"start":{"line":109,"column":4},"end":{"line":109,"column":51}},"48":{"start":{"line":110,"column":4},"end":{"line":110,"column":69}},"49":{"start":{"line":115,"column":22},"end":{"line":124,"column":1}},"50":{"start":{"line":117,"column":2},"end":{"line":123,"column":3}},"51":{"start":{"line":119,"column":4},"end":{"line":119,"column":67}},"52":{"start":{"line":121,"column":4},"end":{"line":121,"column":50}},"53":{"start":{"line":122,"column":4},"end":{"line":122,"column":61}},"54":{"start":{"line":126,"column":20},"end":{"line":136,"column":1}},"55":{"start":{"line":128,"column":2},"end":{"line":135,"column":3}},"56":{"start":{"line":131,"column":4},"end":{"line":131,"column":68}},"57":{"start":{"line":133,"column":4},"end":{"line":133,"column":43}},"58":{"start":{"line":134,"column":4},"end":{"line":134,"column":62}},"59":{"start":{"line":138,"column":23},"end":{"line":150,"column":1}},"60":{"start":{"line":139,"column":2},"end":{"line":139,"column":44}},"61":{"start":{"line":140,"column":21},"end":{"line":140,"column":24}},"62":{"start":{"line":141,"column":2},"end":{"line":149,"column":3}},"63":{"start":{"line":144,"column":24},"end":{"line":144,"column":51}},"64":{"start":{"line":145,"column":4},"end":{"line":145,"column":26}},"65":{"start":{"line":147,"column":4},"end":{"line":147,"column":57}},"66":{"start":{"line":148,"column":4},"end":{"line":148,"column":52}},"67":{"start":{"line":153,"column":26},"end":{"line":167,"column":1}},"68":{"start":{"line":154,"column":2},"end":{"line":154,"column":35}},"69":{"start":{"line":155,"column":2},"end":{"line":155,"column":57}},"70":{"start":{"line":156,"column":2},"end":{"line":156,"column":56}},"71":{"start":{"line":157,"column":2},"end":{"line":166,"column":3}},"72":{"start":{"line":159,"column":27},"end":{"line":161,"column":6}},"73":{"start":{"line":162,"column":4},"end":{"line":162,"column":29}},"74":{"start":{"line":164,"column":4},"end":{"line":164,"column":57}},"75":{"start":{"line":165,"column":4},"end":{"line":165,"column":52}},"76":{"start":{"line":170,"column":26},"end":{"line":185,"column":1}},"77":{"start":{"line":171,"column":2},"end":{"line":184,"column":3}},"78":{"start":{"line":173,"column":4},"end":{"line":173,"column":59}},"79":{"start":{"line":174,"column":4},"end":{"line":174,"column":37}},"80":{"start":{"line":175,"column":27},"end":{"line":175,"column":68}},"81":{"start":{"line":176,"column":4},"end":{"line":180,"column":5}},"82":{"start":{"line":177,"column":6},"end":{"line":177,"column":63}},"83":{"start":{"line":179,"column":6},"end":{"line":179,"column":58}},"84":{"start":{"line":182,"column":4},"end":{"line":182,"column":57}},"85":{"start":{"line":183,"column":4},"end":{"line":183,"column":52}},"86":{"start":{"line":187,"column":0},"end":{"line":196,"column":2}}},"fnMap":{"0":{"name":"(anonymous_0)","decl":{"start":{"line":7,"column":20},"end":{"line":7,"column":21}},"loc":{"start":{"line":7,"column":33},"end":{"line":16,"column":1}},"line":7},"1":{"name":"(anonymous_1)","decl":{"start":{"line":18,"column":18},"end":{"line":18,"column":19}},"loc":{"start":{"line":18,"column":27},"end":{"line":21,"column":1}},"line":18},"2":{"name":"(anonymous_2)","decl":{"start":{"line":24,"column":19},"end":{"line":24,"column":20}},"loc":{"start":{"line":24,"column":45},"end":{"line":66,"column":1}},"line":24},"3":{"name":"(anonymous_3)","decl":{"start":{"line":69,"column":19},"end":{"line":69,"column":20}},"loc":{"start":{"line":69,"column":45},"end":{"line":97,"column":1}},"line":69},"4":{"name":"(anonymous_4)","decl":{"start":{"line":102,"column":23},"end":{"line":102,"column":24}},"loc":{"start":{"line":102,"column":43},"end":{"line":112,"column":1}},"line":102},"5":{"name":"(anonymous_5)","decl":{"start":{"line":115,"column":22},"end":{"line":115,"column":23}},"loc":{"start":{"line":115,"column":42},"end":{"line":124,"column":1}},"line":115},"6":{"name":"(anonymous_6)","decl":{"start":{"line":126,"column":20},"end":{"line":126,"column":21}},"loc":{"start":{"line":126,"column":40},"end":{"line":136,"column":1}},"line":126},"7":{"name":"(anonymous_7)","decl":{"start":{"line":138,"column":23},"end":{"line":138,"column":24}},"loc":{"start":{"line":138,"column":43},"end":{"line":150,"column":1}},"line":138},"8":{"name":"(anonymous_8)","decl":{"start":{"line":153,"column":26},"end":{"line":153,"column":27}},"loc":{"start":{"line":153,"column":46},"end":{"line":167,"column":1}},"line":153},"9":{"name":"(anonymous_9)","decl":{"start":{"line":170,"column":26},"end":{"line":170,"column":27}},"loc":{"start":{"line":170,"column":46},"end":{"line":185,"column":1}},"line":170}},"branchMap":{"0":{"loc":{"start":{"line":10,"column":2},"end":{"line":15,"column":3}},"type":"if","locations":[{"start":{"line":10,"column":2},"end":{"line":15,"column":3}},{"start":{},"end":{}}],"line":10},"1":{"loc":{"start":{"line":28,"column":2},"end":{"line":32,"column":3}},"type":"if","locations":[{"start":{"line":28,"column":2},"end":{"line":32,"column":3}},{"start":{},"end":{}}],"line":28},"2":{"loc":{"start":{"line":28,"column":6},"end":{"line":28,"column":34}},"type":"binary-expr","locations":[{"start":{"line":28,"column":6},"end":{"line":28,"column":12}},{"start":{"line":28,"column":16},"end":{"line":28,"column":25}},{"start":{"line":28,"column":29},"end":{"line":28,"column":34}}],"line":28},"3":{"loc":{"start":{"line":35,"column":4},"end":{"line":62,"column":5}},"type":"if","locations":[{"start":{"line":35,"column":4},"end":{"line":62,"column":5}},{"start":{"line":37,"column":11},"end":{"line":62,"column":5}}],"line":35},"4":{"loc":{"start":{"line":73,"column":2},"end":{"line":75,"column":3}},"type":"if","locations":[{"start":{"line":73,"column":2},"end":{"line":75,"column":3}},{"start":{},"end":{}}],"line":73},"5":{"loc":{"start":{"line":80,"column":4},"end":{"line":93,"column":5}},"type":"if","locations":[{"start":{"line":80,"column":4},"end":{"line":93,"column":5}},{"start":{"line":82,"column":11},"end":{"line":93,"column":5}}],"line":80},"6":{"loc":{"start":{"line":176,"column":4},"end":{"line":180,"column":5}},"type":"if","locations":[{"start":{"line":176,"column":4},"end":{"line":180,"column":5}},{"start":{"line":178,"column":11},"end":{"line":180,"column":5}}],"line":176}},"s":{"0":3,"1":3,"2":3,"3":3,"4":3,"5":3,"6":12,"7":12,"8":12,"9":12,"10":3,"11":0,"12":0,"13":3,"14":13,"15":13,"16":13,"17":1,"18":12,"19":12,"20":12,"21":1,"22":11,"23":11,"24":11,"25":11,"26":11,"27":11,"28":11,"29":0,"30":0,"31":3,"32":3,"33":3,"34":3,"35":1,"36":2,"37":2,"38":2,"39":1,"40":1,"41":1,"42":0,"43":3,"44":0,"45":0,"46":0,"47":0,"48":0,"49":3,"50":0,"51":0,"52":0,"53":0,"54":3,"55":0,"56":0,"57":0,"58":0,"59":3,"60":1,"61":1,"62":1,"63":1,"64":1,"65":0,"66":0,"67":3,"68":1,"69":1,"70":1,"71":1,"72":1,"73":1,"74":0,"75":0,"76":3,"77":0,"78":0,"79":0,"80":0,"81":0,"82":0,"83":0,"84":0,"85":0,"86":3},"f":{"0":12,"1":0,"2":13,"3":3,"4":0,"5":0,"6":0,"7":1,"8":1,"9":0},"b":{"0":[12,0],"1":[1,12],"2":[13,12,12],"3":[1,11],"4":[1,2],"5":[1,1],"6":[0,0]},"_coverageSchema":"1a1c01bbd47fc00a2c39e90264f33305004495a9","hash":"21ee5a71fad9e4d921b6eed22f87ad8561f7ba8a"}
,"D:\\IdeaProjects\\Fitness-First_Final\\Fitness_First_Merged\\backend\\middleware\\authMiddleware.js": {"path":"D:\\IdeaProjects\\Fitness-First_Final\\Fitness_First_Merged\\backend\\middleware\\authMiddleware.js","statementMap":{"0":{"start":{"line":3,"column":12},"end":{"line":3,"column":35}},"1":{"start":{"line":4,"column":13},"end":{"line":4,"column":43}},"2":{"start":{"line":5,"column":21},"end":{"line":5,"column":45}},"3":{"start":{"line":6,"column":23},"end":{"line":6,"column":49}},"4":{"start":{"line":8,"column":20},"end":{"line":32,"column":1}},"5":{"start":{"line":9,"column":2},"end":{"line":9,"column":43}},"6":{"start":{"line":10,"column":2},"end":{"line":10,"column":37}},"7":{"start":{"line":11,"column":2},"end":{"line":11,"column":41}},"8":{"start":{"line":12,"column":16},"end":{"line":12,"column":41}},"9":{"start":{"line":13,"column":2},"end":{"line":13,"column":42}},"10":{"start":{"line":15,"column":2},"end":{"line":31,"column":3}},"11":{"start":{"line":16,"column":4},"end":{"line":28,"column":5}},"12":{"start":{"line":17,"column":6},"end":{"line":25,"column":9}},"13":{"start":{"line":18,"column":8},"end":{"line":24,"column":9}},"14":{"start":{"line":19,"column":10},"end":{"line":19,"column":59}},"15":{"start":{"line":21,"column":10},"end":{"line":21,"column":63}},"16":{"start":{"line":22,"column":10},"end":{"line":22,"column":38}},"17":{"start":{"line":23,"column":10},"end":{"line":23,"column":17}},"18":{"start":{"line":27,"column":6},"end":{"line":27,"column":63}},"19":{"start":{"line":30,"column":4},"end":{"line":30,"column":61}},"20":{"start":{"line":34,"column":0},"end":{"line":34,"column":33}}},"fnMap":{"0":{"name":"(anonymous_0)","decl":{"start":{"line":8,"column":20},"end":{"line":8,"column":21}},"loc":{"start":{"line":8,"column":46},"end":{"line":32,"column":1}},"line":8},"1":{"name":"(anonymous_1)","decl":{"start":{"line":10,"column":27},"end":{"line":10,"column":28}},"loc":{"start":{"line":10,"column":33},"end":{"line":10,"column":35}},"line":10},"2":{"name":"(anonymous_2)","decl":{"start":{"line":17,"column":50},"end":{"line":17,"column":51}},"loc":{"start":{"line":17,"column":68},"end":{"line":25,"column":7}},"line":17}},"branchMap":{"0":{"loc":{"start":{"line":15,"column":2},"end":{"line":31,"column":3}},"type":"if","locations":[{"start":{"line":15,"column":2},"end":{"line":31,"column":3}},{"start":{"line":29,"column":9},"end":{"line":31,"column":3}}],"line":15},"1":{"loc":{"start":{"line":18,"column":8},"end":{"line":24,"column":9}},"type":"if","locations":[{"start":{"line":18,"column":8},"end":{"line":24,"column":9}},{"start":{"line":20,"column":15},"end":{"line":24,"column":9}}],"line":18}},"s":{"0":3,"1":3,"2":3,"3":3,"4":3,"5":4,"6":4,"7":4,"8":4,"9":4,"10":4,"11":2,"12":2,"13":2,"14":0,"15":2,"16":2,"17":2,"18":0,"19":2,"20":3},"f":{"0":4,"1":4,"2":2},"b":{"0":[2,2],"1":[0,2]},"_coverageSchema":"1a1c01bbd47fc00a2c39e90264f33305004495a9","hash":"63b98ca91c48f168a975120e017ddbf5ff167093"}
,"D:\\IdeaProjects\\Fitness-First_Final\\Fitness_First_Merged\\backend\\middleware\\customMiddleware.js": {"path":"D:\\IdeaProjects\\Fitness-First_Final\\Fitness_First_Merged\\backend\\middleware\\customMiddleware.js","statementMap":{"0":{"start":{"line":1,"column":18},"end":{"line":7,"column":1}},"1":{"start":{"line":2,"column":2},"end":{"line":2,"column":37}},"2":{"start":{"line":3,"column":2},"end":{"line":3,"column":33}},"3":{"start":{"line":4,"column":2},"end":{"line":4,"column":33}},"4":{"start":{"line":5,"column":2},"end":{"line":5,"column":21}},"5":{"start":{"line":6,"column":2},"end":{"line":6,"column":9}},"6":{"start":{"line":9,"column":24},"end":{"line":13,"column":1}},"7":{"start":{"line":10,"column":16},"end":{"line":10,"column":45}},"8":{"start":{"line":11,"column":2},"end":{"line":11,"column":25}},"9":{"start":{"line":12,"column":2},"end":{"line":12,"column":14}},"10":{"start":{"line":15,"column":21},"end":{"line":26,"column":1}},"11":{"start":{"line":16,"column":20},"end":{"line":16,"column":41}},"12":{"start":{"line":17,"column":17},"end":{"line":17,"column":55}},"13":{"start":{"line":19,"column":2},"end":{"line":19,"column":27}},"14":{"start":{"line":21,"column":2},"end":{"line":25,"column":5}},"15":{"start":{"line":28,"column":0},"end":{"line":32,"column":2}}},"fnMap":{"0":{"name":"(anonymous_0)","decl":{"start":{"line":1,"column":18},"end":{"line":1,"column":19}},"loc":{"start":{"line":1,"column":38},"end":{"line":7,"column":1}},"line":1},"1":{"name":"(anonymous_1)","decl":{"start":{"line":9,"column":24},"end":{"line":9,"column":25}},"loc":{"start":{"line":9,"column":44},"end":{"line":13,"column":1}},"line":9},"2":{"name":"(anonymous_2)","decl":{"start":{"line":15,"column":21},"end":{"line":15,"column":22}},"loc":{"start":{"line":15,"column":46},"end":{"line":26,"column":1}},"line":15}},"branchMap":{"0":{"loc":{"start":{"line":16,"column":20},"end":{"line":16,"column":41}},"type":"binary-expr","locations":[{"start":{"line":16,"column":20},"end":{"line":16,"column":34}},{"start":{"line":16,"column":38},"end":{"line":16,"column":41}}],"line":16},"1":{"loc":{"start":{"line":17,"column":17},"end":{"line":17,"column":55}},"type":"binary-expr","locations":[{"start":{"line":17,"column":17},"end":{"line":17,"column":28}},{"start":{"line":17,"column":32},"end":{"line":17,"column":55}}],"line":17},"2":{"loc":{"start":{"line":24,"column":11},"end":{"line":24,"column":66}},"type":"cond-expr","locations":[{"start":{"line":24,"column":52},"end":{"line":24,"column":61}},{"start":{"line":24,"column":64},"end":{"line":24,"column":66}}],"line":24}},"s":{"0":3,"1":29,"2":29,"3":29,"4":29,"5":29,"6":3,"7":0,"8":0,"9":0,"10":3,"11":0,"12":0,"13":0,"14":0,"15":3},"f":{"0":29,"1":0,"2":0},"b":{"0":[0,0],"1":[0,0],"2":[0,0]},"_coverageSchema":"1a1c01bbd47fc00a2c39e90264f33305004495a9","hash":"620b164f6ec34fef91e4ebfcd984d12e445126ee"}
,"D:\\IdeaProjects\\Fitness-First_Final\\Fitness_First_Merged\\backend\\models\\activityModel.js": {"path":"D:\\IdeaProjects\\Fitness-First_Final\\Fitness_First_Merged\\backend\\models\\activityModel.js","statementMap":{"0":{"start":{"line":2,"column":17},"end":{"line":2,"column":36}},"1":{"start":{"line":3,"column":15},"end":{"line":3,"column":30}},"2":{"start":{"line":5,"column":23},"end":{"line":37,"column":2}},"3":{"start":{"line":39,"column":0},"end":{"line":39,"column":60}}},"fnMap":{},"branchMap":{},"s":{"0":3,"1":3,"2":3,"3":3},"f":{},"b":{},"_coverageSchema":"1a1c01bbd47fc00a2c39e90264f33305004495a9","hash":"7797c171e9b043b5b8bd7cad27ffcd69e05075b6"}
,"D:\\IdeaProjects\\Fitness-First_Final\\Fitness_First_Merged\\backend\\models\\goalModel.js": {"path":"D:\\IdeaProjects\\Fitness-First_Final\\Fitness_First_Merged\\backend\\models\\goalModel.js","statementMap":{"0":{"start":{"line":1,"column":22},"end":{"line":1,"column":40}},"1":{"start":{"line":2,"column":17},"end":{"line":2,"column":36}},"2":{"start":{"line":3,"column":15},"end":{"line":3,"column":30}},"3":{"start":{"line":5,"column":19},"end":{"line":30,"column":6}},"4":{"start":{"line":32,"column":0},"end":{"line":32,"column":51}}},"fnMap":{},"branchMap":{},"s":{"0":2,"1":2,"2":2,"3":2,"4":2},"f":{},"b":{},"_coverageSchema":"1a1c01bbd47fc00a2c39e90264f33305004495a9","hash":"aca56be5569228dce33a53630e7b345ceeef3888"}
,"D:\\IdeaProjects\\Fitness-First_Final\\Fitness_First_Merged\\backend\\models\\userModel.js": {"path":"D:\\IdeaProjects\\Fitness-First_Final\\Fitness_First_Merged\\backend\\models\\userModel.js","statementMap":{"0":{"start":{"line":1,"column":17},"end":{"line":1,"column":36}},"1":{"start":{"line":3,"column":15},"end":{"line":3,"column":30}},"2":{"start":{"line":5,"column":19},"end":{"line":39,"column":1}},"3":{"start":{"line":41,"column":0},"end":{"line":41,"column":52}}},"fnMap":{},"branchMap":{},"s":{"0":3,"1":3,"2":3,"3":3},"f":{},"b":{},"_coverageSchema":"1a1c01bbd47fc00a2c39e90264f33305004495a9","hash":"271d66a1e9a44ffcde39fcf499f0eaddafa84a31"}
,"D:\\IdeaProjects\\Fitness-First_Final\\Fitness_First_Merged\\backend\\routes\\activityRoutes.js": {"path":"D:\\IdeaProjects\\Fitness-First_Final\\Fitness_First_Merged\\backend\\routes\\activityRoutes.js","statementMap":{"0":{"start":{"line":2,"column":16},"end":{"line":2,"column":34}},"1":{"start":{"line":3,"column":15},"end":{"line":3,"column":31}},"2":{"start":{"line":12,"column":4},"end":{"line":12,"column":48}},"3":{"start":{"line":15,"column":0},"end":{"line":15,"column":33}},"4":{"start":{"line":18,"column":0},"end":{"line":18,"column":40}},"5":{"start":{"line":21,"column":0},"end":{"line":21,"column":36}},"6":{"start":{"line":24,"column":0},"end":{"line":24,"column":42}},"7":{"start":{"line":27,"column":0},"end":{"line":27,"column":45}},"8":{"start":{"line":29,"column":0},"end":{"line":29,"column":24}}},"fnMap":{},"branchMap":{},"s":{"0":3,"1":3,"2":3,"3":3,"4":3,"5":3,"6":3,"7":3,"8":3},"f":{},"b":{},"_coverageSchema":"1a1c01bbd47fc00a2c39e90264f33305004495a9","hash":"889fbb0126b7bfb2609fa5847d9283e123ede4ed"}
,"D:\\IdeaProjects\\Fitness-First_Final\\Fitness_First_Merged\\backend\\routes\\goalRoutes.js": {"path":"D:\\IdeaProjects\\Fitness-First_Final\\Fitness_First_Merged\\backend\\routes\\goalRoutes.js","statementMap":{"0":{"start":{"line":1,"column":0},"end":{"line":1,"column":27}},"1":{"start":{"line":2,"column":16},"end":{"line":2,"column":34}},"2":{"start":{"line":3,"column":15},"end":{"line":3,"column":31}},"3":{"start":{"line":4,"column":13},"end":{"line":4,"column":43}},"4":{"start":{"line":11,"column":4},"end":{"line":11,"column":44}},"5":{"start":{"line":15,"column":0},"end":{"line":15,"column":26}},"6":{"start":{"line":18,"column":0},"end":{"line":18,"column":28}},"7":{"start":{"line":21,"column":0},"end":{"line":21,"column":29}},"8":{"start":{"line":24,"column":0},"end":{"line":24,"column":34}},"9":{"start":{"line":27,"column":0},"end":{"line":27,"column":31}},"10":{"start":{"line":32,"column":0},"end":{"line":32,"column":23}}},"fnMap":{},"branchMap":{},"s":{"0":2,"1":2,"2":2,"3":2,"4":2,"5":2,"6":2,"7":2,"8":2,"9":2,"10":2},"f":{},"b":{},"_coverageSchema":"1a1c01bbd47fc00a2c39e90264f33305004495a9","hash":"1c9113af67772d0318cd9fcee83b3f5c6e98b50c"}
,"D:\\IdeaProjects\\Fitness-First_Final\\Fitness_First_Merged\\backend\\routes\\userRoutes.js": {"path":"D:\\IdeaProjects\\Fitness-First_Final\\Fitness_First_Merged\\backend\\routes\\userRoutes.js","statementMap":{"0":{"start":{"line":2,"column":16},"end":{"line":2,"column":34}},"1":{"start":{"line":3,"column":16},"end":{"line":3,"column":34}},"2":{"start":{"line":4,"column":15},"end":{"line":4,"column":31}},"3":{"start":{"line":5,"column":24},"end":{"line":5,"column":63}},"4":{"start":{"line":18,"column":4},"end":{"line":18,"column":44}},"5":{"start":{"line":26,"column":0},"end":{"line":26,"column":35}},"6":{"start":{"line":29,"column":0},"end":{"line":29,"column":35}},"7":{"start":{"line":32,"column":0},"end":{"line":32,"column":47}},"8":{"start":{"line":35,"column":0},"end":{"line":35,"column":45}},"9":{"start":{"line":38,"column":0},"end":{"line":38,"column":37}},"10":{"start":{"line":41,"column":0},"end":{"line":41,"column":52}},"11":{"start":{"line":44,"column":0},"end":{"line":44,"column":55}},"12":{"start":{"line":47,"column":0},"end":{"line":47,"column":58}},"13":{"start":{"line":49,"column":0},"end":{"line":49,"column":24}}},"fnMap":{},"branchMap":{},"s":{"0":3,"1":3,"2":3,"3":3,"4":3,"5":3,"6":3,"7":3,"8":3,"9":3,"10":3,"11":3,"12":3,"13":3},"f":{},"b":{},"_coverageSchema":"1a1c01bbd47fc00a2c39e90264f33305004495a9","hash":"c41001cc9449a798ee3e7692f9c0c0fca381bdf1"}
,"D:\\IdeaProjects\\Fitness-First_Final\\Fitness_First_Merged\\backend\\utils\\config.js": {"path":"D:\\IdeaProjects\\Fitness-First_Final\\Fitness_First_Merged\\backend\\utils\\config.js","statementMap":{"0":{"start":{"line":1,"column":0},"end":{"line":1,"column":27}},"1":{"start":{"line":3,"column":13},"end":{"line":3,"column":37}},"2":{"start":{"line":5,"column":2},"end":{"line":7,"column":27}},"3":{"start":{"line":9,"column":2},"end":{"line":9,"column":132}},"4":{"start":{"line":11,"column":0},"end":{"line":15,"column":2}}},"fnMap":{},"branchMap":{"0":{"loc":{"start":{"line":3,"column":13},"end":{"line":3,"column":37}},"type":"binary-expr","locations":[{"start":{"line":3,"column":13},"end":{"line":3,"column":29}},{"start":{"line":3,"column":33},"end":{"line":3,"column":37}}],"line":3},"1":{"loc":{"start":{"line":5,"column":2},"end":{"line":7,"column":27}},"type":"cond-expr","locations":[{"start":{"line":6,"column":6},"end":{"line":6,"column":32}},{"start":{"line":7,"column":6},"end":{"line":7,"column":27}}],"line":5}},"s":{"0":3,"1":3,"2":3,"3":3,"4":3},"f":{},"b":{"0":[3,0],"1":[3,0]},"_coverageSchema":"1a1c01bbd47fc00a2c39e90264f33305004495a9","hash":"a21ade44face83e4be37b936167213954f5ceaba"}
}
