TN:
SF:app.js
FN:26,(anonymous_0)
FN:37,(anonymous_1)
FNF:2
FNH:1
FNDA:0,(anonymous_0)
FNDA:1,(anonymous_1)
DA:1,1
DA:2,1
DA:3,1
DA:4,1
DA:5,1
DA:6,1
DA:7,1
DA:10,1
DA:12,1
DA:13,1
DA:16,1
DA:22,1
DA:24,1
DA:26,1
DA:30,1
DA:31,1
DA:33,1
DA:35,1
DA:37,1
DA:39,1
LF:20
LH:20
BRF:0
BRH:0
end_of_record
TN:
SF:app1.js
FN:27,(anonymous_0)
FN:39,(anonymous_1)
FNF:2
FNH:1
FNDA:0,(anonymous_0)
FNDA:1,(anonymous_1)
DA:1,1
DA:2,1
DA:3,1
DA:4,1
DA:5,1
DA:6,1
DA:7,1
DA:8,1
DA:11,1
DA:13,1
DA:14,1
DA:17,1
DA:23,1
DA:25,1
DA:27,1
DA:31,1
DA:32,1
DA:33,1
DA:35,1
DA:37,1
DA:39,1
DA:41,1
LF:22
LH:22
BRF:0
BRH:0
end_of_record
TN:
SF:app2.js
FN:27,(anonymous_0)
FN:39,(anonymous_1)
FNF:2
FNH:1
FNDA:0,(anonymous_0)
FNDA:1,(anonymous_1)
DA:1,1
DA:2,1
DA:3,1
DA:4,1
DA:5,1
DA:6,1
DA:7,1
DA:8,1
DA:11,1
DA:13,1
DA:14,1
DA:17,1
DA:23,1
DA:25,1
DA:27,1
DA:31,1
DA:32,1
DA:33,1
DA:35,1
DA:37,1
DA:39,1
DA:41,1
LF:22
LH:22
BRF:0
BRH:0
end_of_record
TN:
SF:config\db.js
FN:4,(anonymous_0)
FNF:1
FNH:1
FNDA:3,(anonymous_0)
DA:1,3
DA:2,3
DA:4,3
DA:5,3
DA:7,3
DA:9,3
DA:14,3
DA:15,3
DA:17,0
DA:19,0
DA:23,3
LF:11
LH:9
BRF:0
BRH:0
end_of_record
TN:
SF:controllers\activityController.js
FN:6,(anonymous_0)
FN:45,(anonymous_1)
FN:62,(anonymous_2)
FN:76,(anonymous_3)
FN:103,(anonymous_4)
FNF:5
FNH:4
FNDA:1,(anonymous_0)
FNDA:1,(anonymous_1)
FNDA:0,(anonymous_2)
FNDA:1,(anonymous_3)
FNDA:1,(anonymous_4)
DA:2,3
DA:3,3
DA:6,3
DA:7,1
DA:17,1
DA:18,1
DA:28,1
DA:29,1
DA:36,0
DA:37,0
DA:45,3
DA:46,1
DA:47,1
DA:48,1
DA:49,1
DA:50,0
DA:52,1
DA:54,0
DA:55,0
DA:62,3
DA:63,0
DA:64,0
DA:65,0
DA:67,0
DA:68,0
DA:76,3
DA:77,1
DA:78,1
DA:79,1
DA:82,1
DA:86,1
DA:87,0
DA:90,1
DA:94,0
DA:95,0
DA:103,3
DA:104,1
DA:105,1
DA:108,1
DA:110,1
DA:111,0
DA:114,1
DA:116,0
DA:117,0
DA:123,3
LF:45
LH:29
BRDA:49,0,0,0
BRDA:49,0,1,1
BRDA:86,1,0,0
BRDA:86,1,1,1
BRDA:110,2,0,0
BRDA:110,2,1,1
BRF:6
BRH:3
end_of_record
TN:
SF:controllers\goalController.js
FN:7,(anonymous_0)
FN:14,(anonymous_1)
FN:31,(anonymous_2)
FN:69,(anonymous_3)
FN:90,(anonymous_4)
FNF:5
FNH:5
FNDA:1,(anonymous_0)
FNDA:1,(anonymous_1)
FNDA:1,(anonymous_2)
FNDA:1,(anonymous_3)
FNDA:1,(anonymous_4)
DA:1,2
DA:2,2
DA:7,2
DA:8,1
DA:10,1
DA:14,2
DA:15,1
DA:17,1
DA:18,0
DA:21,1
DA:23,1
DA:24,0
DA:27,1
DA:31,2
DA:32,1
DA:34,1
DA:36,1
DA:37,0
DA:39,1
DA:40,0
DA:43,1
DA:44,0
DA:47,1
DA:48,0
DA:50,1
DA:51,0
DA:55,1
DA:56,1
DA:62,1
DA:63,1
DA:65,0
DA:69,2
DA:70,1
DA:71,1
DA:72,1
DA:75,1
DA:79,1
DA:80,0
DA:83,1
DA:85,0
DA:86,0
DA:90,2
DA:91,1
DA:92,1
DA:95,1
DA:97,1
DA:98,0
DA:101,1
DA:103,0
DA:104,0
DA:108,2
LF:51
LH:37
BRDA:17,0,0,0
BRDA:17,0,1,1
BRDA:23,1,0,0
BRDA:23,1,1,1
BRDA:36,2,0,0
BRDA:36,2,1,1
BRDA:39,3,0,0
BRDA:39,3,1,1
BRDA:43,4,0,0
BRDA:43,4,1,1
BRDA:47,5,0,0
BRDA:47,5,1,1
BRDA:50,6,0,0
BRDA:50,6,1,1
BRDA:79,7,0,0
BRDA:79,7,1,1
BRDA:97,8,0,0
BRDA:97,8,1,1
BRF:18
BRH:9
end_of_record
TN:
SF:controllers\userController.js
FN:7,(anonymous_0)
FN:18,(anonymous_1)
FN:24,(anonymous_2)
FN:69,(anonymous_3)
FN:102,(anonymous_4)
FN:115,(anonymous_5)
FN:126,(anonymous_6)
FN:138,(anonymous_7)
FN:153,(anonymous_8)
FN:170,(anonymous_9)
FNF:10
FNH:5
FNDA:12,(anonymous_0)
FNDA:0,(anonymous_1)
FNDA:13,(anonymous_2)
FNDA:3,(anonymous_3)
FNDA:0,(anonymous_4)
FNDA:0,(anonymous_5)
FNDA:0,(anonymous_6)
FNDA:1,(anonymous_7)
FNDA:1,(anonymous_8)
FNDA:0,(anonymous_9)
DA:1,3
DA:2,3
DA:3,3
DA:4,3
DA:5,3
DA:7,3
DA:8,12
DA:10,12
DA:11,12
DA:14,12
DA:18,3
DA:19,0
DA:20,0
DA:24,3
DA:25,13
DA:27,13
DA:28,13
DA:29,1
DA:33,12
DA:34,12
DA:35,12
DA:36,1
DA:38,11
DA:39,11
DA:40,11
DA:41,11
DA:47,11
DA:48,11
DA:50,11
DA:60,0
DA:64,0
DA:69,3
DA:70,3
DA:71,3
DA:73,3
DA:74,1
DA:77,2
DA:78,2
DA:80,2
DA:81,1
DA:83,1
DA:84,1
DA:95,0
DA:102,3
DA:104,0
DA:106,0
DA:107,0
DA:109,0
DA:110,0
DA:115,3
DA:117,0
DA:119,0
DA:121,0
DA:122,0
DA:126,3
DA:128,0
DA:131,0
DA:133,0
DA:134,0
DA:138,3
DA:139,1
DA:140,1
DA:141,1
DA:144,1
DA:145,1
DA:147,0
DA:148,0
DA:153,3
DA:154,1
DA:155,1
DA:156,1
DA:157,1
DA:159,1
DA:162,1
DA:164,0
DA:165,0
DA:170,3
DA:171,0
DA:173,0
DA:174,0
DA:175,0
DA:176,0
DA:177,0
DA:179,0
DA:182,0
DA:183,0
DA:187,3
LF:87
LH:56
BRDA:10,0,0,12
BRDA:10,0,1,0
BRDA:28,1,0,1
BRDA:28,1,1,12
BRDA:28,2,0,13
BRDA:28,2,1,12
BRDA:28,2,2,12
BRDA:35,3,0,1
BRDA:35,3,1,11
BRDA:73,4,0,1
BRDA:73,4,1,2
BRDA:80,5,0,1
BRDA:80,5,1,1
BRDA:176,6,0,0
BRDA:176,6,1,0
BRF:15
BRH:12
end_of_record
TN:
SF:middleware\authMiddleware.js
FN:8,(anonymous_0)
FN:10,(anonymous_1)
FN:17,(anonymous_2)
FNF:3
FNH:3
FNDA:4,(anonymous_0)
FNDA:4,(anonymous_1)
FNDA:2,(anonymous_2)
DA:3,3
DA:4,3
DA:5,3
DA:6,3
DA:8,3
DA:9,4
DA:10,4
DA:11,4
DA:12,4
DA:13,4
DA:15,4
DA:16,2
DA:17,2
DA:18,2
DA:19,0
DA:21,2
DA:22,2
DA:23,2
DA:27,0
DA:30,2
DA:34,3
LF:21
LH:19
BRDA:15,0,0,2
BRDA:15,0,1,2
BRDA:18,1,0,0
BRDA:18,1,1,2
BRF:4
BRH:3
end_of_record
TN:
SF:middleware\customMiddleware.js
FN:1,(anonymous_0)
FN:9,(anonymous_1)
FN:15,(anonymous_2)
FNF:3
FNH:1
FNDA:29,(anonymous_0)
FNDA:0,(anonymous_1)
FNDA:0,(anonymous_2)
DA:1,3
DA:2,29
DA:3,29
DA:4,29
DA:5,29
DA:6,29
DA:9,3
DA:10,0
DA:11,0
DA:12,0
DA:15,3
DA:16,0
DA:17,0
DA:19,0
DA:21,0
DA:28,3
LF:16
LH:9
BRDA:16,0,0,0
BRDA:16,0,1,0
BRDA:17,1,0,0
BRDA:17,1,1,0
BRDA:24,2,0,0
BRDA:24,2,1,0
BRF:6
BRH:0
end_of_record
TN:
SF:models\activityModel.js
FNF:0
FNH:0
DA:2,3
DA:3,3
DA:5,3
DA:39,3
LF:4
LH:4
BRF:0
BRH:0
end_of_record
TN:
SF:models\goalModel.js
FNF:0
FNH:0
DA:1,2
DA:2,2
DA:3,2
DA:5,2
DA:32,2
LF:5
LH:5
BRF:0
BRH:0
end_of_record
TN:
SF:models\userModel.js
FNF:0
FNH:0
DA:1,3
DA:3,3
DA:5,3
DA:41,3
LF:4
LH:4
BRF:0
BRH:0
end_of_record
TN:
SF:routes\activityRoutes.js
FNF:0
FNH:0
DA:2,3
DA:3,3
DA:12,3
DA:15,3
DA:18,3
DA:21,3
DA:24,3
DA:27,3
DA:29,3
LF:9
LH:9
BRF:0
BRH:0
end_of_record
TN:
SF:routes\goalRoutes.js
FNF:0
FNH:0
DA:1,2
DA:2,2
DA:3,2
DA:4,2
DA:11,2
DA:15,2
DA:18,2
DA:21,2
DA:24,2
DA:27,2
DA:32,2
LF:11
LH:11
BRF:0
BRH:0
end_of_record
TN:
SF:routes\userRoutes.js
FNF:0
FNH:0
DA:2,3
DA:3,3
DA:4,3
DA:5,3
DA:18,3
DA:26,3
DA:29,3
DA:32,3
DA:35,3
DA:38,3
DA:41,3
DA:44,3
DA:47,3
DA:49,3
LF:14
LH:14
BRF:0
BRH:0
end_of_record
TN:
SF:utils\config.js
FNF:0
FNH:0
DA:1,3
DA:3,3
DA:5,3
DA:9,3
DA:11,3
LF:5
LH:5
BRDA:3,0,0,3
BRDA:3,0,1,0
BRDA:5,1,0,3
BRDA:5,1,1,0
BRF:4
BRH:2
end_of_record
